[0.650s] Invoking command in '/home/rokey/rokey_ws/build/yolov8_ros': PYTHONPATH=/home/rokey/rokey_ws/build/yolov8_ros/prefix_override:/usr/lib/python3/dist-packages/colcon_core/task/python/colcon_distutils_commands:/home/rokey/rokey_ws/install/yolov8_ros/lib/python3.10/site-packages:${PYTHONPATH} /usr/bin/python3 -W ignore:setup.py install is deprecated -W ignore:easy_install command is deprecated setup.py develop --editable --build-directory /home/rokey/rokey_ws/build/yolov8_ros/build --no-deps symlink_data
[0.803s] running develop
[0.892s] running egg_info
[0.892s] creating yolov8_ros.egg-info
[0.892s] writing yolov8_ros.egg-info/PKG-INFO
[0.892s] writing dependency_links to yolov8_ros.egg-info/dependency_links.txt
[0.892s] writing entry points to yolov8_ros.egg-info/entry_points.txt
[0.892s] writing requirements to yolov8_ros.egg-info/requires.txt
[0.892s] writing top-level names to yolov8_ros.egg-info/top_level.txt
[0.892s] writing manifest file 'yolov8_ros.egg-info/SOURCES.txt'
[0.893s] reading manifest file 'yolov8_ros.egg-info/SOURCES.txt'
[0.893s] writing manifest file 'yolov8_ros.egg-info/SOURCES.txt'
[0.894s] running build_ext
[0.894s] Creating /home/rokey/rokey_ws/install/yolov8_ros/lib/python3.10/site-packages/yolov8-ros.egg-link (link to .)
[0.895s] Installing data_pub script to /home/rokey/rokey_ws/install/yolov8_ros/lib/yolov8_ros
[0.895s] Installing data_sub script to /home/rokey/rokey_ws/install/yolov8_ros/lib/yolov8_ros
[0.895s] Installing image_pub script to /home/rokey/rokey_ws/install/yolov8_ros/lib/yolov8_ros
[0.895s] Installing image_sub script to /home/rokey/rokey_ws/install/yolov8_ros/lib/yolov8_ros
[0.895s] Installing yolo_pub script to /home/rokey/rokey_ws/install/yolov8_ros/lib/yolov8_ros
[0.895s] Installing yolo_sub script to /home/rokey/rokey_ws/install/yolov8_ros/lib/yolov8_ros
[0.895s] 
[0.895s] Installed /home/rokey/rokey_ws/build/yolov8_ros
[0.895s] running symlink_data
[0.895s] creating /home/rokey/rokey_ws/install/yolov8_ros/share/ament_index
[0.895s] creating /home/rokey/rokey_ws/install/yolov8_ros/share/ament_index/resource_index
[0.895s] creating /home/rokey/rokey_ws/install/yolov8_ros/share/ament_index/resource_index/packages
[0.895s] symbolically linking /home/rokey/rokey_ws/build/yolov8_ros/resource/yolov8_ros -> /home/rokey/rokey_ws/install/yolov8_ros/share/ament_index/resource_index/packages
[0.895s] symbolically linking /home/rokey/rokey_ws/build/yolov8_ros/package.xml -> /home/rokey/rokey_ws/install/yolov8_ros/share/yolov8_ros
[0.914s] Invoked command in '/home/rokey/rokey_ws/build/yolov8_ros' returned '0': PYTHONPATH=/home/rokey/rokey_ws/build/yolov8_ros/prefix_override:/usr/lib/python3/dist-packages/colcon_core/task/python/colcon_distutils_commands:/home/rokey/rokey_ws/install/yolov8_ros/lib/python3.10/site-packages:${PYTHONPATH} /usr/bin/python3 -W ignore:setup.py install is deprecated -W ignore:easy_install command is deprecated setup.py develop --editable --build-directory /home/rokey/rokey_ws/build/yolov8_ros/build --no-deps symlink_data
