[0.724s] Invoking command in '/home/rokey/rokey_ws/build/yolov8_ros': PYTHONPATH=/home/rokey/rokey_ws/build/yolov8_ros/prefix_override:/usr/lib/python3/dist-packages/colcon_core/task/python/colcon_distutils_commands:/home/rokey/rokey_ws/install/yolov8_ros/lib/python3.10/site-packages:${PYTHONPATH} /usr/bin/python3 -W ignore:setup.py install is deprecated -W ignore:easy_install command is deprecated setup.py develop --editable --build-directory /home/rokey/rokey_ws/build/yolov8_ros/build --no-deps symlink_data
[0.891s] running develop
[0.985s] running egg_info
[0.986s] writing yolov8_ros.egg-info/PKG-INFO
[0.986s] writing dependency_links to yolov8_ros.egg-info/dependency_links.txt
[0.986s] writing entry points to yolov8_ros.egg-info/entry_points.txt
[0.986s] writing requirements to yolov8_ros.egg-info/requires.txt
[0.986s] writing top-level names to yolov8_ros.egg-info/top_level.txt
[0.986s] reading manifest file 'yolov8_ros.egg-info/SOURCES.txt'
[0.987s] writing manifest file 'yolov8_ros.egg-info/SOURCES.txt'
[0.988s] running build_ext
[0.988s] Creating /home/rokey/rokey_ws/install/yolov8_ros/lib/python3.10/site-packages/yolov8-ros.egg-link (link to .)
[0.989s] Installing data_pub script to /home/rokey/rokey_ws/install/yolov8_ros/lib/yolov8_ros
[0.989s] Installing data_sub script to /home/rokey/rokey_ws/install/yolov8_ros/lib/yolov8_ros
[0.989s] Installing image_pub script to /home/rokey/rokey_ws/install/yolov8_ros/lib/yolov8_ros
[0.989s] Installing image_sub script to /home/rokey/rokey_ws/install/yolov8_ros/lib/yolov8_ros
[0.989s] Installing yolo_pub script to /home/rokey/rokey_ws/install/yolov8_ros/lib/yolov8_ros
[0.990s] Installing yolo_sub script to /home/rokey/rokey_ws/install/yolov8_ros/lib/yolov8_ros
[0.990s] 
[0.990s] Installed /home/rokey/rokey_ws/build/yolov8_ros
[0.990s] running symlink_data
[1.025s] Invoked command in '/home/rokey/rokey_ws/build/yolov8_ros' returned '0': PYTHONPATH=/home/rokey/rokey_ws/build/yolov8_ros/prefix_override:/usr/lib/python3/dist-packages/colcon_core/task/python/colcon_distutils_commands:/home/rokey/rokey_ws/install/yolov8_ros/lib/python3.10/site-packages:${PYTHONPATH} /usr/bin/python3 -W ignore:setup.py install is deprecated -W ignore:easy_install command is deprecated setup.py develop --editable --build-directory /home/rokey/rokey_ws/build/yolov8_ros/build --no-deps symlink_data
