[0.059s] DEBUG:colcon:Command line arguments: ['/usr/bin/colcon', 'build', '--symlink-install']
[0.059s] DEBUG:colcon:Parsed command line arguments: Namespace(log_base=None, log_level=None, verb_name='build', build_base='build', install_base='install', merge_install=False, symlink_install=True, test_result_base=None, continue_on_error=False, executor='parallel', parallel_workers=20, event_handlers=None, ignore_user_meta=False, metas=['./colcon.meta'], base_paths=['.'], packages_ignore=None, packages_ignore_regex=None, paths=None, packages_up_to=None, packages_up_to_regex=None, packages_above=None, packages_above_and_dependencies=None, packages_above_depth=None, packages_select_by_dep=None, packages_skip_by_dep=None, packages_skip_up_to=None, packages_select_build_failed=False, packages_skip_build_finished=False, packages_select_test_failures=False, packages_skip_test_passed=False, packages_select=None, packages_skip=None, packages_select_regex=None, packages_skip_regex=None, packages_start=None, packages_end=None, allow_overriding=[], cmake_args=None, cmake_target=None, cmake_target_skip_unavailable=False, cmake_clean_cache=False, cmake_clean_first=False, cmake_force_configure=False, ament_cmake_args=None, catkin_cmake_args=None, catkin_skip_building_tests=False, mixin_files=None, mixin=None, verb_parser=<colcon_mixin.mixin.mixin_argument.MixinArgumentDecorator object at 0x75c72b4a8100>, verb_extension=<colcon_core.verb.build.BuildVerb object at 0x75c72b4634c0>, main=<bound method BuildVerb.main of <colcon_core.verb.build.BuildVerb object at 0x75c72b4634c0>>, mixin_verb=('build',))
[0.152s] Level 1:colcon.colcon_core.package_discovery:discover_packages(colcon_meta) check parameters
[0.152s] Level 1:colcon.colcon_core.package_discovery:discover_packages(recursive) check parameters
[0.152s] Level 1:colcon.colcon_core.package_discovery:discover_packages(ignore) check parameters
[0.152s] Level 1:colcon.colcon_core.package_discovery:discover_packages(path) check parameters
[0.152s] Level 1:colcon.colcon_core.package_discovery:discover_packages(colcon_meta) discover
[0.152s] Level 1:colcon.colcon_core.package_discovery:discover_packages(recursive) discover
[0.152s] INFO:colcon.colcon_core.package_discovery:Crawling recursively for packages in '/home/rokey/rokey_ws'
[0.152s] Level 1:colcon.colcon_core.package_identification:_identify(.) by extensions ['ignore', 'ignore_ament_install']
[0.152s] Level 1:colcon.colcon_core.package_identification:_identify(.) by extension 'ignore'
[0.152s] Level 1:colcon.colcon_core.package_identification:_identify(.) by extension 'ignore_ament_install'
[0.152s] Level 1:colcon.colcon_core.package_identification:_identify(.) by extensions ['colcon_pkg']
[0.152s] Level 1:colcon.colcon_core.package_identification:_identify(.) by extension 'colcon_pkg'
[0.152s] Level 1:colcon.colcon_core.package_identification:_identify(.) by extensions ['colcon_meta']
[0.152s] Level 1:colcon.colcon_core.package_identification:_identify(.) by extension 'colcon_meta'
[0.152s] Level 1:colcon.colcon_core.package_identification:_identify(.) by extensions ['ros']
[0.152s] Level 1:colcon.colcon_core.package_identification:_identify(.) by extension 'ros'
[0.162s] Level 1:colcon.colcon_core.package_identification:_identify(.) by extensions ['cmake', 'python']
[0.162s] Level 1:colcon.colcon_core.package_identification:_identify(.) by extension 'cmake'
[0.162s] Level 1:colcon.colcon_core.package_identification:_identify(.) by extension 'python'
[0.162s] Level 1:colcon.colcon_core.package_identification:_identify(.) by extensions ['python_setup_py']
[0.162s] Level 1:colcon.colcon_core.package_identification:_identify(.) by extension 'python_setup_py'
[0.162s] Level 1:colcon.colcon_core.package_identification:_identify(build) by extensions ['ignore', 'ignore_ament_install']
[0.163s] Level 1:colcon.colcon_core.package_identification:_identify(build) by extension 'ignore'
[0.163s] Level 1:colcon.colcon_core.package_identification:_identify(build) ignored
[0.163s] Level 1:colcon.colcon_core.package_identification:_identify(configs) by extensions ['ignore', 'ignore_ament_install']
[0.163s] Level 1:colcon.colcon_core.package_identification:_identify(configs) by extension 'ignore'
[0.163s] Level 1:colcon.colcon_core.package_identification:_identify(configs) by extension 'ignore_ament_install'
[0.163s] Level 1:colcon.colcon_core.package_identification:_identify(configs) by extensions ['colcon_pkg']
[0.163s] Level 1:colcon.colcon_core.package_identification:_identify(configs) by extension 'colcon_pkg'
[0.163s] Level 1:colcon.colcon_core.package_identification:_identify(configs) by extensions ['colcon_meta']
[0.163s] Level 1:colcon.colcon_core.package_identification:_identify(configs) by extension 'colcon_meta'
[0.163s] Level 1:colcon.colcon_core.package_identification:_identify(configs) by extensions ['ros']
[0.163s] Level 1:colcon.colcon_core.package_identification:_identify(configs) by extension 'ros'
[0.163s] Level 1:colcon.colcon_core.package_identification:_identify(configs) by extensions ['cmake', 'python']
[0.163s] Level 1:colcon.colcon_core.package_identification:_identify(configs) by extension 'cmake'
[0.163s] Level 1:colcon.colcon_core.package_identification:_identify(configs) by extension 'python'
[0.163s] Level 1:colcon.colcon_core.package_identification:_identify(configs) by extensions ['python_setup_py']
[0.163s] Level 1:colcon.colcon_core.package_identification:_identify(configs) by extension 'python_setup_py'
[0.163s] Level 1:colcon.colcon_core.package_identification:_identify(images) by extensions ['ignore', 'ignore_ament_install']
[0.163s] Level 1:colcon.colcon_core.package_identification:_identify(images) by extension 'ignore'
[0.163s] Level 1:colcon.colcon_core.package_identification:_identify(images) by extension 'ignore_ament_install'
[0.163s] Level 1:colcon.colcon_core.package_identification:_identify(images) by extensions ['colcon_pkg']
[0.163s] Level 1:colcon.colcon_core.package_identification:_identify(images) by extension 'colcon_pkg'
[0.163s] Level 1:colcon.colcon_core.package_identification:_identify(images) by extensions ['colcon_meta']
[0.163s] Level 1:colcon.colcon_core.package_identification:_identify(images) by extension 'colcon_meta'
[0.163s] Level 1:colcon.colcon_core.package_identification:_identify(images) by extensions ['ros']
[0.163s] Level 1:colcon.colcon_core.package_identification:_identify(images) by extension 'ros'
[0.163s] Level 1:colcon.colcon_core.package_identification:_identify(images) by extensions ['cmake', 'python']
[0.163s] Level 1:colcon.colcon_core.package_identification:_identify(images) by extension 'cmake'
[0.163s] Level 1:colcon.colcon_core.package_identification:_identify(images) by extension 'python'
[0.163s] Level 1:colcon.colcon_core.package_identification:_identify(images) by extensions ['python_setup_py']
[0.163s] Level 1:colcon.colcon_core.package_identification:_identify(images) by extension 'python_setup_py'
[0.163s] Level 1:colcon.colcon_core.package_identification:_identify(install) by extensions ['ignore', 'ignore_ament_install']
[0.163s] Level 1:colcon.colcon_core.package_identification:_identify(install) by extension 'ignore'
[0.163s] Level 1:colcon.colcon_core.package_identification:_identify(install) ignored
[0.163s] Level 1:colcon.colcon_core.package_identification:_identify(log) by extensions ['ignore', 'ignore_ament_install']
[0.163s] Level 1:colcon.colcon_core.package_identification:_identify(log) by extension 'ignore'
[0.163s] Level 1:colcon.colcon_core.package_identification:_identify(log) ignored
[0.163s] Level 1:colcon.colcon_core.package_identification:_identify(maps) by extensions ['ignore', 'ignore_ament_install']
[0.163s] Level 1:colcon.colcon_core.package_identification:_identify(maps) by extension 'ignore'
[0.163s] Level 1:colcon.colcon_core.package_identification:_identify(maps) by extension 'ignore_ament_install'
[0.163s] Level 1:colcon.colcon_core.package_identification:_identify(maps) by extensions ['colcon_pkg']
[0.163s] Level 1:colcon.colcon_core.package_identification:_identify(maps) by extension 'colcon_pkg'
[0.164s] Level 1:colcon.colcon_core.package_identification:_identify(maps) by extensions ['colcon_meta']
[0.164s] Level 1:colcon.colcon_core.package_identification:_identify(maps) by extension 'colcon_meta'
[0.164s] Level 1:colcon.colcon_core.package_identification:_identify(maps) by extensions ['ros']
[0.164s] Level 1:colcon.colcon_core.package_identification:_identify(maps) by extension 'ros'
[0.164s] Level 1:colcon.colcon_core.package_identification:_identify(maps) by extensions ['cmake', 'python']
[0.164s] Level 1:colcon.colcon_core.package_identification:_identify(maps) by extension 'cmake'
[0.164s] Level 1:colcon.colcon_core.package_identification:_identify(maps) by extension 'python'
[0.164s] Level 1:colcon.colcon_core.package_identification:_identify(maps) by extensions ['python_setup_py']
[0.164s] Level 1:colcon.colcon_core.package_identification:_identify(maps) by extension 'python_setup_py'
[0.164s] Level 1:colcon.colcon_core.package_identification:_identify(maps/ver_0) by extensions ['ignore', 'ignore_ament_install']
[0.164s] Level 1:colcon.colcon_core.package_identification:_identify(maps/ver_0) by extension 'ignore'
[0.164s] Level 1:colcon.colcon_core.package_identification:_identify(maps/ver_0) by extension 'ignore_ament_install'
[0.164s] Level 1:colcon.colcon_core.package_identification:_identify(maps/ver_0) by extensions ['colcon_pkg']
[0.164s] Level 1:colcon.colcon_core.package_identification:_identify(maps/ver_0) by extension 'colcon_pkg'
[0.164s] Level 1:colcon.colcon_core.package_identification:_identify(maps/ver_0) by extensions ['colcon_meta']
[0.164s] Level 1:colcon.colcon_core.package_identification:_identify(maps/ver_0) by extension 'colcon_meta'
[0.164s] Level 1:colcon.colcon_core.package_identification:_identify(maps/ver_0) by extensions ['ros']
[0.164s] Level 1:colcon.colcon_core.package_identification:_identify(maps/ver_0) by extension 'ros'
[0.164s] Level 1:colcon.colcon_core.package_identification:_identify(maps/ver_0) by extensions ['cmake', 'python']
[0.164s] Level 1:colcon.colcon_core.package_identification:_identify(maps/ver_0) by extension 'cmake'
[0.164s] Level 1:colcon.colcon_core.package_identification:_identify(maps/ver_0) by extension 'python'
[0.164s] Level 1:colcon.colcon_core.package_identification:_identify(maps/ver_0) by extensions ['python_setup_py']
[0.164s] Level 1:colcon.colcon_core.package_identification:_identify(maps/ver_0) by extension 'python_setup_py'
[0.164s] Level 1:colcon.colcon_core.package_identification:_identify(src) by extensions ['ignore', 'ignore_ament_install']
[0.164s] Level 1:colcon.colcon_core.package_identification:_identify(src) by extension 'ignore'
[0.164s] Level 1:colcon.colcon_core.package_identification:_identify(src) by extension 'ignore_ament_install'
[0.164s] Level 1:colcon.colcon_core.package_identification:_identify(src) by extensions ['colcon_pkg']
[0.164s] Level 1:colcon.colcon_core.package_identification:_identify(src) by extension 'colcon_pkg'
[0.164s] Level 1:colcon.colcon_core.package_identification:_identify(src) by extensions ['colcon_meta']
[0.164s] Level 1:colcon.colcon_core.package_identification:_identify(src) by extension 'colcon_meta'
[0.164s] Level 1:colcon.colcon_core.package_identification:_identify(src) by extensions ['ros']
[0.164s] Level 1:colcon.colcon_core.package_identification:_identify(src) by extension 'ros'
[0.164s] Level 1:colcon.colcon_core.package_identification:_identify(src) by extensions ['cmake', 'python']
[0.164s] Level 1:colcon.colcon_core.package_identification:_identify(src) by extension 'cmake'
[0.164s] Level 1:colcon.colcon_core.package_identification:_identify(src) by extension 'python'
[0.164s] Level 1:colcon.colcon_core.package_identification:_identify(src) by extensions ['python_setup_py']
[0.164s] Level 1:colcon.colcon_core.package_identification:_identify(src) by extension 'python_setup_py'
[0.164s] Level 1:colcon.colcon_core.package_identification:_identify(src/rokey_pjt) by extensions ['ignore', 'ignore_ament_install']
[0.164s] Level 1:colcon.colcon_core.package_identification:_identify(src/rokey_pjt) by extension 'ignore'
[0.164s] Level 1:colcon.colcon_core.package_identification:_identify(src/rokey_pjt) by extension 'ignore_ament_install'
[0.164s] Level 1:colcon.colcon_core.package_identification:_identify(src/rokey_pjt) by extensions ['colcon_pkg']
[0.164s] Level 1:colcon.colcon_core.package_identification:_identify(src/rokey_pjt) by extension 'colcon_pkg'
[0.164s] Level 1:colcon.colcon_core.package_identification:_identify(src/rokey_pjt) by extensions ['colcon_meta']
[0.164s] Level 1:colcon.colcon_core.package_identification:_identify(src/rokey_pjt) by extension 'colcon_meta'
[0.164s] Level 1:colcon.colcon_core.package_identification:_identify(src/rokey_pjt) by extensions ['ros']
[0.164s] Level 1:colcon.colcon_core.package_identification:_identify(src/rokey_pjt) by extension 'ros'
[0.166s] DEBUG:colcon.colcon_core.package_identification:Package 'src/rokey_pjt' with type 'ros.ament_python' and name 'rokey_pjt'
[0.166s] Level 1:colcon.colcon_core.package_identification:_identify(src/turtlebot4_beep) by extensions ['ignore', 'ignore_ament_install']
[0.166s] Level 1:colcon.colcon_core.package_identification:_identify(src/turtlebot4_beep) by extension 'ignore'
[0.166s] Level 1:colcon.colcon_core.package_identification:_identify(src/turtlebot4_beep) by extension 'ignore_ament_install'
[0.166s] Level 1:colcon.colcon_core.package_identification:_identify(src/turtlebot4_beep) by extensions ['colcon_pkg']
[0.166s] Level 1:colcon.colcon_core.package_identification:_identify(src/turtlebot4_beep) by extension 'colcon_pkg'
[0.166s] Level 1:colcon.colcon_core.package_identification:_identify(src/turtlebot4_beep) by extensions ['colcon_meta']
[0.166s] Level 1:colcon.colcon_core.package_identification:_identify(src/turtlebot4_beep) by extension 'colcon_meta'
[0.166s] Level 1:colcon.colcon_core.package_identification:_identify(src/turtlebot4_beep) by extensions ['ros']
[0.166s] Level 1:colcon.colcon_core.package_identification:_identify(src/turtlebot4_beep) by extension 'ros'
[0.166s] DEBUG:colcon.colcon_core.package_identification:Package 'src/turtlebot4_beep' with type 'ros.ament_python' and name 'turtlebot4_beep'
[0.166s] Level 1:colcon.colcon_core.package_identification:_identify(src/yolov8_ros) by extensions ['ignore', 'ignore_ament_install']
[0.166s] Level 1:colcon.colcon_core.package_identification:_identify(src/yolov8_ros) by extension 'ignore'
[0.166s] Level 1:colcon.colcon_core.package_identification:_identify(src/yolov8_ros) by extension 'ignore_ament_install'
[0.166s] Level 1:colcon.colcon_core.package_identification:_identify(src/yolov8_ros) by extensions ['colcon_pkg']
[0.166s] Level 1:colcon.colcon_core.package_identification:_identify(src/yolov8_ros) by extension 'colcon_pkg'
[0.166s] Level 1:colcon.colcon_core.package_identification:_identify(src/yolov8_ros) by extensions ['colcon_meta']
[0.166s] Level 1:colcon.colcon_core.package_identification:_identify(src/yolov8_ros) by extension 'colcon_meta'
[0.166s] Level 1:colcon.colcon_core.package_identification:_identify(src/yolov8_ros) by extensions ['ros']
[0.166s] Level 1:colcon.colcon_core.package_identification:_identify(src/yolov8_ros) by extension 'ros'
[0.167s] DEBUG:colcon.colcon_core.package_identification:Package 'src/yolov8_ros' with type 'ros.ament_python' and name 'yolov8_ros'
[0.167s] Level 1:colcon.colcon_core.package_discovery:discover_packages(recursive) using defaults
[0.167s] Level 1:colcon.colcon_core.package_discovery:discover_packages(ignore) discover
[0.167s] Level 1:colcon.colcon_core.package_discovery:discover_packages(ignore) using defaults
[0.167s] Level 1:colcon.colcon_core.package_discovery:discover_packages(path) discover
[0.167s] Level 1:colcon.colcon_core.package_discovery:discover_packages(path) using defaults
[0.177s] Level 1:colcon.colcon_core.package_discovery:discover_packages(prefix_path) check parameters
[0.177s] Level 1:colcon.colcon_core.package_discovery:discover_packages(prefix_path) discover
[0.178s] WARNING:colcon.colcon_ros.prefix_path.ament:The path '/home/rokey/rokey_ws/install/yolov8_ros' in the environment variable AMENT_PREFIX_PATH doesn't exist
[0.178s] WARNING:colcon.colcon_ros.prefix_path.ament:The path '/home/rokey/rokey_ws/install/turtlebot4_beep' in the environment variable AMENT_PREFIX_PATH doesn't exist
[0.178s] WARNING:colcon.colcon_ros.prefix_path.ament:The path '/home/rokey/rokey_ws/install/rokey_pjt' in the environment variable AMENT_PREFIX_PATH doesn't exist
[0.178s] DEBUG:colcon.colcon_installed_package_information.package_discovery:Found 4 installed packages in /home/rokey/turtlebot4_ws/install
[0.178s] DEBUG:colcon.colcon_installed_package_information.package_discovery:Found 0 installed packages in /home/rokey/rokey_ws/install
[0.179s] DEBUG:colcon.colcon_installed_package_information.package_discovery:Found 366 installed packages in /opt/ros/humble
[0.180s] Level 1:colcon.colcon_core.package_discovery:discover_packages(prefix_path) using defaults
[0.202s] Level 5:colcon.colcon_core.verb:set package 'rokey_pjt' build argument 'cmake_args' from command line to 'None'
[0.202s] Level 5:colcon.colcon_core.verb:set package 'rokey_pjt' build argument 'cmake_target' from command line to 'None'
[0.202s] Level 5:colcon.colcon_core.verb:set package 'rokey_pjt' build argument 'cmake_target_skip_unavailable' from command line to 'False'
[0.202s] Level 5:colcon.colcon_core.verb:set package 'rokey_pjt' build argument 'cmake_clean_cache' from command line to 'False'
[0.202s] Level 5:colcon.colcon_core.verb:set package 'rokey_pjt' build argument 'cmake_clean_first' from command line to 'False'
[0.202s] Level 5:colcon.colcon_core.verb:set package 'rokey_pjt' build argument 'cmake_force_configure' from command line to 'False'
[0.202s] Level 5:colcon.colcon_core.verb:set package 'rokey_pjt' build argument 'ament_cmake_args' from command line to 'None'
[0.202s] Level 5:colcon.colcon_core.verb:set package 'rokey_pjt' build argument 'catkin_cmake_args' from command line to 'None'
[0.202s] Level 5:colcon.colcon_core.verb:set package 'rokey_pjt' build argument 'catkin_skip_building_tests' from command line to 'False'
[0.202s] DEBUG:colcon.colcon_core.verb:Building package 'rokey_pjt' with the following arguments: {'ament_cmake_args': None, 'build_base': '/home/rokey/rokey_ws/build/rokey_pjt', 'catkin_cmake_args': None, 'catkin_skip_building_tests': False, 'cmake_args': None, 'cmake_clean_cache': False, 'cmake_clean_first': False, 'cmake_force_configure': False, 'cmake_target': None, 'cmake_target_skip_unavailable': False, 'install_base': '/home/rokey/rokey_ws/install/rokey_pjt', 'merge_install': False, 'path': '/home/rokey/rokey_ws/src/rokey_pjt', 'symlink_install': True, 'test_result_base': None}
[0.202s] Level 5:colcon.colcon_core.verb:set package 'turtlebot4_beep' build argument 'cmake_args' from command line to 'None'
[0.202s] Level 5:colcon.colcon_core.verb:set package 'turtlebot4_beep' build argument 'cmake_target' from command line to 'None'
[0.202s] Level 5:colcon.colcon_core.verb:set package 'turtlebot4_beep' build argument 'cmake_target_skip_unavailable' from command line to 'False'
[0.202s] Level 5:colcon.colcon_core.verb:set package 'turtlebot4_beep' build argument 'cmake_clean_cache' from command line to 'False'
[0.202s] Level 5:colcon.colcon_core.verb:set package 'turtlebot4_beep' build argument 'cmake_clean_first' from command line to 'False'
[0.202s] Level 5:colcon.colcon_core.verb:set package 'turtlebot4_beep' build argument 'cmake_force_configure' from command line to 'False'
[0.202s] Level 5:colcon.colcon_core.verb:set package 'turtlebot4_beep' build argument 'ament_cmake_args' from command line to 'None'
[0.202s] Level 5:colcon.colcon_core.verb:set package 'turtlebot4_beep' build argument 'catkin_cmake_args' from command line to 'None'
[0.202s] Level 5:colcon.colcon_core.verb:set package 'turtlebot4_beep' build argument 'catkin_skip_building_tests' from command line to 'False'
[0.202s] DEBUG:colcon.colcon_core.verb:Building package 'turtlebot4_beep' with the following arguments: {'ament_cmake_args': None, 'build_base': '/home/rokey/rokey_ws/build/turtlebot4_beep', 'catkin_cmake_args': None, 'catkin_skip_building_tests': False, 'cmake_args': None, 'cmake_clean_cache': False, 'cmake_clean_first': False, 'cmake_force_configure': False, 'cmake_target': None, 'cmake_target_skip_unavailable': False, 'install_base': '/home/rokey/rokey_ws/install/turtlebot4_beep', 'merge_install': False, 'path': '/home/rokey/rokey_ws/src/turtlebot4_beep', 'symlink_install': True, 'test_result_base': None}
[0.202s] Level 5:colcon.colcon_core.verb:set package 'yolov8_ros' build argument 'cmake_args' from command line to 'None'
[0.202s] Level 5:colcon.colcon_core.verb:set package 'yolov8_ros' build argument 'cmake_target' from command line to 'None'
[0.202s] Level 5:colcon.colcon_core.verb:set package 'yolov8_ros' build argument 'cmake_target_skip_unavailable' from command line to 'False'
[0.202s] Level 5:colcon.colcon_core.verb:set package 'yolov8_ros' build argument 'cmake_clean_cache' from command line to 'False'
[0.202s] Level 5:colcon.colcon_core.verb:set package 'yolov8_ros' build argument 'cmake_clean_first' from command line to 'False'
[0.202s] Level 5:colcon.colcon_core.verb:set package 'yolov8_ros' build argument 'cmake_force_configure' from command line to 'False'
[0.202s] Level 5:colcon.colcon_core.verb:set package 'yolov8_ros' build argument 'ament_cmake_args' from command line to 'None'
[0.202s] Level 5:colcon.colcon_core.verb:set package 'yolov8_ros' build argument 'catkin_cmake_args' from command line to 'None'
[0.202s] Level 5:colcon.colcon_core.verb:set package 'yolov8_ros' build argument 'catkin_skip_building_tests' from command line to 'False'
[0.202s] DEBUG:colcon.colcon_core.verb:Building package 'yolov8_ros' with the following arguments: {'ament_cmake_args': None, 'build_base': '/home/rokey/rokey_ws/build/yolov8_ros', 'catkin_cmake_args': None, 'catkin_skip_building_tests': False, 'cmake_args': None, 'cmake_clean_cache': False, 'cmake_clean_first': False, 'cmake_force_configure': False, 'cmake_target': None, 'cmake_target_skip_unavailable': False, 'install_base': '/home/rokey/rokey_ws/install/yolov8_ros', 'merge_install': False, 'path': '/home/rokey/rokey_ws/src/yolov8_ros', 'symlink_install': True, 'test_result_base': None}
[0.202s] INFO:colcon.colcon_core.executor:Executing jobs using 'parallel' executor
[0.203s] DEBUG:colcon.colcon_parallel_executor.executor.parallel:run_until_complete
[0.203s] INFO:colcon.colcon_ros.task.ament_python.build:Building ROS package in '/home/rokey/rokey_ws/src/rokey_pjt' with build type 'ament_python'
[0.203s] Level 1:colcon.colcon_core.shell:create_environment_hook('rokey_pjt', 'ament_prefix_path')
[0.204s] INFO:colcon.colcon_core.plugin_system:Skipping extension 'colcon_core.shell.bat': Not used on non-Windows systems
[0.205s] INFO:colcon.colcon_core.shell:Creating environment hook '/home/rokey/rokey_ws/install/rokey_pjt/share/rokey_pjt/hook/ament_prefix_path.ps1'
[0.205s] INFO:colcon.colcon_core.shell:Creating environment descriptor '/home/rokey/rokey_ws/install/rokey_pjt/share/rokey_pjt/hook/ament_prefix_path.dsv'
[0.205s] INFO:colcon.colcon_core.shell:Creating environment hook '/home/rokey/rokey_ws/install/rokey_pjt/share/rokey_pjt/hook/ament_prefix_path.sh'
[0.205s] INFO:colcon.colcon_core.shell:Skip shell extension 'powershell' for command environment: Not usable outside of PowerShell
[0.206s] DEBUG:colcon.colcon_core.shell:Skip shell extension 'dsv' for command environment
[0.207s] INFO:colcon.colcon_ros.task.ament_python.build:Building ROS package in '/home/rokey/rokey_ws/src/turtlebot4_beep' with build type 'ament_python'
[0.208s] Level 1:colcon.colcon_core.shell:create_environment_hook('turtlebot4_beep', 'ament_prefix_path')
[0.208s] INFO:colcon.colcon_core.shell:Creating environment hook '/home/rokey/rokey_ws/install/turtlebot4_beep/share/turtlebot4_beep/hook/ament_prefix_path.ps1'
[0.208s] INFO:colcon.colcon_core.shell:Creating environment descriptor '/home/rokey/rokey_ws/install/turtlebot4_beep/share/turtlebot4_beep/hook/ament_prefix_path.dsv'
[0.208s] INFO:colcon.colcon_core.shell:Creating environment hook '/home/rokey/rokey_ws/install/turtlebot4_beep/share/turtlebot4_beep/hook/ament_prefix_path.sh'
[0.208s] INFO:colcon.colcon_core.shell:Skip shell extension 'powershell' for command environment: Not usable outside of PowerShell
[0.208s] DEBUG:colcon.colcon_core.shell:Skip shell extension 'dsv' for command environment
[0.210s] INFO:colcon.colcon_ros.task.ament_python.build:Building ROS package in '/home/rokey/rokey_ws/src/yolov8_ros' with build type 'ament_python'
[0.210s] Level 1:colcon.colcon_core.shell:create_environment_hook('yolov8_ros', 'ament_prefix_path')
[0.210s] INFO:colcon.colcon_core.shell:Creating environment hook '/home/rokey/rokey_ws/install/yolov8_ros/share/yolov8_ros/hook/ament_prefix_path.ps1'
[0.211s] INFO:colcon.colcon_core.shell:Creating environment descriptor '/home/rokey/rokey_ws/install/yolov8_ros/share/yolov8_ros/hook/ament_prefix_path.dsv'
[0.211s] INFO:colcon.colcon_core.shell:Creating environment hook '/home/rokey/rokey_ws/install/yolov8_ros/share/yolov8_ros/hook/ament_prefix_path.sh'
[0.211s] INFO:colcon.colcon_core.shell:Skip shell extension 'powershell' for command environment: Not usable outside of PowerShell
[0.211s] DEBUG:colcon.colcon_core.shell:Skip shell extension 'dsv' for command environment
[0.354s] INFO:colcon.colcon_core.task.python.build:Building Python package in '/home/rokey/rokey_ws/src/rokey_pjt'
[0.354s] INFO:colcon.colcon_core.shell:Skip shell extension 'powershell' for command environment: Not usable outside of PowerShell
[0.354s] DEBUG:colcon.colcon_core.shell:Skip shell extension 'dsv' for command environment
[0.501s] INFO:colcon.colcon_core.task.python.build:Building Python package in '/home/rokey/rokey_ws/src/turtlebot4_beep'
[0.501s] INFO:colcon.colcon_core.shell:Skip shell extension 'powershell' for command environment: Not usable outside of PowerShell
[0.501s] DEBUG:colcon.colcon_core.shell:Skip shell extension 'dsv' for command environment
[0.646s] INFO:colcon.colcon_core.task.python.build:Building Python package in '/home/rokey/rokey_ws/src/yolov8_ros'
[0.647s] INFO:colcon.colcon_core.shell:Skip shell extension 'powershell' for command environment: Not usable outside of PowerShell
[0.647s] DEBUG:colcon.colcon_core.shell:Skip shell extension 'dsv' for command environment
[0.860s] DEBUG:colcon.colcon_core.event_handler.log_command:Invoking command in '/home/rokey/rokey_ws/build/yolov8_ros': PYTHONPATH=/home/rokey/rokey_ws/build/yolov8_ros/prefix_override:/usr/lib/python3/dist-packages/colcon_core/task/python/colcon_distutils_commands:/home/rokey/rokey_ws/install/yolov8_ros/lib/python3.10/site-packages:${PYTHONPATH} /usr/bin/python3 -W ignore:setup.py install is deprecated -W ignore:easy_install command is deprecated setup.py develop --editable --build-directory /home/rokey/rokey_ws/build/yolov8_ros/build --no-deps symlink_data
[0.862s] DEBUG:colcon.colcon_core.event_handler.log_command:Invoking command in '/home/rokey/rokey_ws/build/turtlebot4_beep': PYTHONPATH=/home/rokey/rokey_ws/build/turtlebot4_beep/prefix_override:/usr/lib/python3/dist-packages/colcon_core/task/python/colcon_distutils_commands:/home/rokey/rokey_ws/install/turtlebot4_beep/lib/python3.10/site-packages:${PYTHONPATH} /usr/bin/python3 -W ignore:setup.py install is deprecated -W ignore:easy_install command is deprecated setup.py develop --editable --build-directory /home/rokey/rokey_ws/build/turtlebot4_beep/build --no-deps symlink_data
[0.863s] DEBUG:colcon.colcon_core.event_handler.log_command:Invoking command in '/home/rokey/rokey_ws/build/rokey_pjt': PYTHONPATH=/home/rokey/rokey_ws/build/rokey_pjt/prefix_override:/usr/lib/python3/dist-packages/colcon_core/task/python/colcon_distutils_commands:/home/rokey/rokey_ws/install/rokey_pjt/lib/python3.10/site-packages:${PYTHONPATH} /usr/bin/python3 -W ignore:setup.py install is deprecated -W ignore:easy_install command is deprecated setup.py develop --editable --build-directory /home/rokey/rokey_ws/build/rokey_pjt/build --no-deps symlink_data
[1.124s] Level 1:colcon.colcon_core.shell:create_environment_hook('yolov8_ros', 'pythonpath_develop')
[1.124s] DEBUG:colcon.colcon_core.event_handler.log_command:Invoked command in '/home/rokey/rokey_ws/build/yolov8_ros' returned '0': PYTHONPATH=/home/rokey/rokey_ws/build/yolov8_ros/prefix_override:/usr/lib/python3/dist-packages/colcon_core/task/python/colcon_distutils_commands:/home/rokey/rokey_ws/install/yolov8_ros/lib/python3.10/site-packages:${PYTHONPATH} /usr/bin/python3 -W ignore:setup.py install is deprecated -W ignore:easy_install command is deprecated setup.py develop --editable --build-directory /home/rokey/rokey_ws/build/yolov8_ros/build --no-deps symlink_data
[1.125s] INFO:colcon.colcon_core.shell:Creating environment hook '/home/rokey/rokey_ws/build/yolov8_ros/share/yolov8_ros/hook/pythonpath_develop.ps1'
[1.125s] INFO:colcon.colcon_core.shell:Creating environment descriptor '/home/rokey/rokey_ws/build/yolov8_ros/share/yolov8_ros/hook/pythonpath_develop.dsv'
[1.126s] INFO:colcon.colcon_core.shell:Creating environment hook '/home/rokey/rokey_ws/build/yolov8_ros/share/yolov8_ros/hook/pythonpath_develop.sh'
[1.127s] Level 1:colcon.colcon_core.environment:checking '/home/rokey/rokey_ws/install/yolov8_ros' for CMake module files
[1.127s] Level 1:colcon.colcon_core.environment:checking '/home/rokey/rokey_ws/install/yolov8_ros' for CMake config files
[1.128s] Level 1:colcon.colcon_core.environment:checking '/home/rokey/rokey_ws/install/yolov8_ros/lib'
[1.128s] Level 1:colcon.colcon_core.environment:checking '/home/rokey/rokey_ws/install/yolov8_ros/bin'
[1.128s] Level 1:colcon.colcon_core.environment:checking '/home/rokey/rokey_ws/install/yolov8_ros/lib/pkgconfig/yolov8_ros.pc'
[1.128s] Level 1:colcon.colcon_core.environment:checking '/home/rokey/rokey_ws/install/yolov8_ros/lib/python3.10/site-packages'
[1.128s] Level 1:colcon.colcon_core.shell:create_environment_hook('yolov8_ros', 'pythonpath')
[1.128s] INFO:colcon.colcon_core.shell:Creating environment hook '/home/rokey/rokey_ws/install/yolov8_ros/share/yolov8_ros/hook/pythonpath.ps1'
[1.128s] INFO:colcon.colcon_core.shell:Creating environment descriptor '/home/rokey/rokey_ws/install/yolov8_ros/share/yolov8_ros/hook/pythonpath.dsv'
[1.129s] INFO:colcon.colcon_core.shell:Creating environment hook '/home/rokey/rokey_ws/install/yolov8_ros/share/yolov8_ros/hook/pythonpath.sh'
[1.129s] Level 1:colcon.colcon_core.environment:checking '/home/rokey/rokey_ws/install/yolov8_ros/bin'
[1.129s] Level 1:colcon.colcon_core.environment:create_environment_scripts_only(yolov8_ros)
[1.129s] INFO:colcon.colcon_core.shell:Creating package script '/home/rokey/rokey_ws/install/yolov8_ros/share/yolov8_ros/package.ps1'
[1.130s] INFO:colcon.colcon_core.shell:Creating package descriptor '/home/rokey/rokey_ws/install/yolov8_ros/share/yolov8_ros/package.dsv'
[1.130s] INFO:colcon.colcon_core.shell:Creating package script '/home/rokey/rokey_ws/install/yolov8_ros/share/yolov8_ros/package.sh'
[1.130s] INFO:colcon.colcon_core.shell:Creating package script '/home/rokey/rokey_ws/install/yolov8_ros/share/yolov8_ros/package.bash'
[1.130s] INFO:colcon.colcon_core.shell:Creating package script '/home/rokey/rokey_ws/install/yolov8_ros/share/yolov8_ros/package.zsh'
[1.131s] Level 1:colcon.colcon_core.environment:create_file_with_runtime_dependencies(/home/rokey/rokey_ws/install/yolov8_ros/share/colcon-core/packages/yolov8_ros)
[1.132s] Level 1:colcon.colcon_core.shell:create_environment_hook('turtlebot4_beep', 'pythonpath_develop')
[1.132s] INFO:colcon.colcon_core.shell:Creating environment hook '/home/rokey/rokey_ws/build/turtlebot4_beep/share/turtlebot4_beep/hook/pythonpath_develop.ps1'
[1.132s] DEBUG:colcon.colcon_core.event_handler.log_command:Invoked command in '/home/rokey/rokey_ws/build/turtlebot4_beep' returned '0': PYTHONPATH=/home/rokey/rokey_ws/build/turtlebot4_beep/prefix_override:/usr/lib/python3/dist-packages/colcon_core/task/python/colcon_distutils_commands:/home/rokey/rokey_ws/install/turtlebot4_beep/lib/python3.10/site-packages:${PYTHONPATH} /usr/bin/python3 -W ignore:setup.py install is deprecated -W ignore:easy_install command is deprecated setup.py develop --editable --build-directory /home/rokey/rokey_ws/build/turtlebot4_beep/build --no-deps symlink_data
[1.133s] INFO:colcon.colcon_core.shell:Creating environment descriptor '/home/rokey/rokey_ws/build/turtlebot4_beep/share/turtlebot4_beep/hook/pythonpath_develop.dsv'
[1.133s] INFO:colcon.colcon_core.shell:Creating environment hook '/home/rokey/rokey_ws/build/turtlebot4_beep/share/turtlebot4_beep/hook/pythonpath_develop.sh'
[1.133s] Level 1:colcon.colcon_core.environment:checking '/home/rokey/rokey_ws/install/turtlebot4_beep' for CMake module files
[1.134s] Level 1:colcon.colcon_core.environment:checking '/home/rokey/rokey_ws/install/turtlebot4_beep' for CMake config files
[1.134s] Level 1:colcon.colcon_core.environment:checking '/home/rokey/rokey_ws/install/turtlebot4_beep/lib'
[1.134s] Level 1:colcon.colcon_core.environment:checking '/home/rokey/rokey_ws/install/turtlebot4_beep/bin'
[1.134s] Level 1:colcon.colcon_core.environment:checking '/home/rokey/rokey_ws/install/turtlebot4_beep/lib/pkgconfig/turtlebot4_beep.pc'
[1.134s] Level 1:colcon.colcon_core.environment:checking '/home/rokey/rokey_ws/install/turtlebot4_beep/lib/python3.10/site-packages'
[1.134s] Level 1:colcon.colcon_core.shell:create_environment_hook('turtlebot4_beep', 'pythonpath')
[1.135s] INFO:colcon.colcon_core.shell:Creating environment hook '/home/rokey/rokey_ws/install/turtlebot4_beep/share/turtlebot4_beep/hook/pythonpath.ps1'
[1.135s] INFO:colcon.colcon_core.shell:Creating environment descriptor '/home/rokey/rokey_ws/install/turtlebot4_beep/share/turtlebot4_beep/hook/pythonpath.dsv'
[1.135s] INFO:colcon.colcon_core.shell:Creating environment hook '/home/rokey/rokey_ws/install/turtlebot4_beep/share/turtlebot4_beep/hook/pythonpath.sh'
[1.136s] Level 1:colcon.colcon_core.environment:checking '/home/rokey/rokey_ws/install/turtlebot4_beep/bin'
[1.136s] Level 1:colcon.colcon_core.environment:create_environment_scripts_only(turtlebot4_beep)
[1.136s] INFO:colcon.colcon_core.shell:Creating package script '/home/rokey/rokey_ws/install/turtlebot4_beep/share/turtlebot4_beep/package.ps1'
[1.136s] INFO:colcon.colcon_core.shell:Creating package descriptor '/home/rokey/rokey_ws/install/turtlebot4_beep/share/turtlebot4_beep/package.dsv'
[1.137s] INFO:colcon.colcon_core.shell:Creating package script '/home/rokey/rokey_ws/install/turtlebot4_beep/share/turtlebot4_beep/package.sh'
[1.137s] INFO:colcon.colcon_core.shell:Creating package script '/home/rokey/rokey_ws/install/turtlebot4_beep/share/turtlebot4_beep/package.bash'
[1.137s] INFO:colcon.colcon_core.shell:Creating package script '/home/rokey/rokey_ws/install/turtlebot4_beep/share/turtlebot4_beep/package.zsh'
[1.138s] Level 1:colcon.colcon_core.environment:create_file_with_runtime_dependencies(/home/rokey/rokey_ws/install/turtlebot4_beep/share/colcon-core/packages/turtlebot4_beep)
[1.138s] Level 1:colcon.colcon_core.shell:create_environment_hook('rokey_pjt', 'pythonpath_develop')
[1.138s] INFO:colcon.colcon_core.shell:Creating environment hook '/home/rokey/rokey_ws/build/rokey_pjt/share/rokey_pjt/hook/pythonpath_develop.ps1'
[1.138s] DEBUG:colcon.colcon_core.event_handler.log_command:Invoked command in '/home/rokey/rokey_ws/build/rokey_pjt' returned '0': PYTHONPATH=/home/rokey/rokey_ws/build/rokey_pjt/prefix_override:/usr/lib/python3/dist-packages/colcon_core/task/python/colcon_distutils_commands:/home/rokey/rokey_ws/install/rokey_pjt/lib/python3.10/site-packages:${PYTHONPATH} /usr/bin/python3 -W ignore:setup.py install is deprecated -W ignore:easy_install command is deprecated setup.py develop --editable --build-directory /home/rokey/rokey_ws/build/rokey_pjt/build --no-deps symlink_data
[1.139s] INFO:colcon.colcon_core.shell:Creating environment descriptor '/home/rokey/rokey_ws/build/rokey_pjt/share/rokey_pjt/hook/pythonpath_develop.dsv'
[1.139s] INFO:colcon.colcon_core.shell:Creating environment hook '/home/rokey/rokey_ws/build/rokey_pjt/share/rokey_pjt/hook/pythonpath_develop.sh'
[1.139s] Level 1:colcon.colcon_core.environment:checking '/home/rokey/rokey_ws/install/rokey_pjt' for CMake module files
[1.139s] Level 1:colcon.colcon_core.environment:checking '/home/rokey/rokey_ws/install/rokey_pjt' for CMake config files
[1.139s] Level 1:colcon.colcon_core.environment:checking '/home/rokey/rokey_ws/install/rokey_pjt/lib'
[1.139s] Level 1:colcon.colcon_core.environment:checking '/home/rokey/rokey_ws/install/rokey_pjt/bin'
[1.140s] Level 1:colcon.colcon_core.environment:checking '/home/rokey/rokey_ws/install/rokey_pjt/lib/pkgconfig/rokey_pjt.pc'
[1.140s] Level 1:colcon.colcon_core.environment:checking '/home/rokey/rokey_ws/install/rokey_pjt/lib/python3.10/site-packages'
[1.140s] Level 1:colcon.colcon_core.shell:create_environment_hook('rokey_pjt', 'pythonpath')
[1.140s] INFO:colcon.colcon_core.shell:Creating environment hook '/home/rokey/rokey_ws/install/rokey_pjt/share/rokey_pjt/hook/pythonpath.ps1'
[1.140s] INFO:colcon.colcon_core.shell:Creating environment descriptor '/home/rokey/rokey_ws/install/rokey_pjt/share/rokey_pjt/hook/pythonpath.dsv'
[1.140s] INFO:colcon.colcon_core.shell:Creating environment hook '/home/rokey/rokey_ws/install/rokey_pjt/share/rokey_pjt/hook/pythonpath.sh'
[1.140s] Level 1:colcon.colcon_core.environment:checking '/home/rokey/rokey_ws/install/rokey_pjt/bin'
[1.140s] Level 1:colcon.colcon_core.environment:create_environment_scripts_only(rokey_pjt)
[1.140s] INFO:colcon.colcon_core.shell:Creating package script '/home/rokey/rokey_ws/install/rokey_pjt/share/rokey_pjt/package.ps1'
[1.141s] INFO:colcon.colcon_core.shell:Creating package descriptor '/home/rokey/rokey_ws/install/rokey_pjt/share/rokey_pjt/package.dsv'
[1.141s] INFO:colcon.colcon_core.shell:Creating package script '/home/rokey/rokey_ws/install/rokey_pjt/share/rokey_pjt/package.sh'
[1.141s] INFO:colcon.colcon_core.shell:Creating package script '/home/rokey/rokey_ws/install/rokey_pjt/share/rokey_pjt/package.bash'
[1.141s] INFO:colcon.colcon_core.shell:Creating package script '/home/rokey/rokey_ws/install/rokey_pjt/share/rokey_pjt/package.zsh'
[1.141s] Level 1:colcon.colcon_core.environment:create_file_with_runtime_dependencies(/home/rokey/rokey_ws/install/rokey_pjt/share/colcon-core/packages/rokey_pjt)
[1.141s] DEBUG:colcon.colcon_parallel_executor.executor.parallel:closing loop
[1.142s] DEBUG:colcon.colcon_parallel_executor.executor.parallel:loop closed
[1.142s] DEBUG:colcon.colcon_parallel_executor.executor.parallel:run_until_complete finished with '0'
[1.142s] DEBUG:colcon.colcon_core.event_reactor:joining thread
[1.145s] INFO:colcon.colcon_core.plugin_system:Skipping extension 'colcon_notification.desktop_notification.terminal_notifier': Not used on non-Darwin systems
[1.145s] INFO:colcon.colcon_core.plugin_system:Skipping extension 'colcon_notification.desktop_notification.win32': Not used on non-Windows systems
[1.145s] INFO:colcon.colcon_notification.desktop_notification:Sending desktop notification using 'notify2'
[1.154s] DEBUG:colcon.colcon_core.event_reactor:joined thread
[1.154s] INFO:colcon.colcon_core.shell:Creating prefix script '/home/rokey/rokey_ws/install/local_setup.ps1'
[1.155s] INFO:colcon.colcon_core.shell:Creating prefix util module '/home/rokey/rokey_ws/install/_local_setup_util_ps1.py'
[1.155s] INFO:colcon.colcon_core.shell:Creating prefix chain script '/home/rokey/rokey_ws/install/setup.ps1'
[1.156s] INFO:colcon.colcon_core.shell:Creating prefix script '/home/rokey/rokey_ws/install/local_setup.sh'
[1.156s] INFO:colcon.colcon_core.shell:Creating prefix util module '/home/rokey/rokey_ws/install/_local_setup_util_sh.py'
[1.156s] INFO:colcon.colcon_core.shell:Creating prefix chain script '/home/rokey/rokey_ws/install/setup.sh'
[1.157s] INFO:colcon.colcon_core.shell:Creating prefix script '/home/rokey/rokey_ws/install/local_setup.bash'
[1.157s] INFO:colcon.colcon_core.shell:Creating prefix chain script '/home/rokey/rokey_ws/install/setup.bash'
[1.158s] INFO:colcon.colcon_core.shell:Creating prefix script '/home/rokey/rokey_ws/install/local_setup.zsh'
[1.158s] INFO:colcon.colcon_core.shell:Creating prefix chain script '/home/rokey/rokey_ws/install/setup.zsh'
